<?xml version="1.0" encoding="UTF-8"?>
<!-- Generated by org.testng.reporters.JUnitReportReporter -->
<testsuite skipped="0" hostname="Jyoti-computer" name="Month_Page.Month" tests="1" failures="0" timestamp="2020-08-29T12:10:31 CDT" time="7.209" errors="0">
  <testcase name="launch" time="7.209" classname="Month_Page.Month"/>
  <system-out/>
</testsuite> <!-- Month_Page.Month -->
